Command line invocation:
    /Applications/Xcode.app/Contents/Developer/usr/bin/xcodebuild -scheme audiosdk -project audiosdk/audiosdk.xcodeproj

ComputePackagePrebuildTargetDependencyGraph

Prepare packages

CreateBuildRequest

SendProjectDescription

CreateBuildOperation

ComputeTargetDependencyGraph
note: Building targets in dependency order
note: Target dependency graph (1 target)
    Target 'audiosdk' in project 'audiosdk' (no dependencies)

GatherProvisioningInputs

CreateBuildDescription

ExecuteExternalTool /Applications/Xcode.app/Contents/Developer/Toolchains/XcodeDefault.xctoolchain/usr/bin/clang -v -E -dM -isysroot /Applications/Xcode.app/Contents/Developer/Platforms/MacOSX.platform/Developer/SDKs/MacOSX15.5.sdk -x c -c /dev/null

ExecuteExternalTool /Applications/Xcode.app/Contents/Developer/Toolchains/XcodeDefault.xctoolchain/usr/bin/swiftc --version

ExecuteExternalTool /Applications/Xcode.app/Contents/Developer/Toolchains/XcodeDefault.xctoolchain/usr/bin/ld -version_details

Build description signature: 3c425cf7b62555081b516756df0d9d55
Build description path: /Users/jarosz/Library/Developer/Xcode/DerivedData/audiosdk-blakgsnniufmvybdammttjnmenzu/Build/Intermediates.noindex/XCBuildData/3c425cf7b62555081b516756df0d9d55.xcbuilddata
ClangStatCache /Applications/Xcode.app/Contents/Developer/Toolchains/XcodeDefault.xctoolchain/usr/bin/clang-stat-cache /Applications/Xcode.app/Contents/Developer/Platforms/MacOSX.platform/Developer/SDKs/MacOSX15.5.sdk /Users/jarosz/Library/Developer/Xcode/DerivedData/SDKStatCaches.noindex/macosx15.5-24F74-8254517eb8b97d462ccbc072ba9094c9.sdkstatcache
    cd /Users/jarosz/projects/audiosdk/audiosdk/audiosdk.xcodeproj
    /Applications/Xcode.app/Contents/Developer/Toolchains/XcodeDefault.xctoolchain/usr/bin/clang-stat-cache /Applications/Xcode.app/Contents/Developer/Platforms/MacOSX.platform/Developer/SDKs/MacOSX15.5.sdk -o /Users/jarosz/Library/Developer/Xcode/DerivedData/SDKStatCaches.noindex/macosx15.5-24F74-8254517eb8b97d462ccbc072ba9094c9.sdkstatcache

ProcessProductPackaging "" /Users/jarosz/Library/Developer/Xcode/DerivedData/audiosdk-blakgsnniufmvybdammttjnmenzu/Build/Intermediates.noindex/audiosdk.build/Debug/audiosdk.build/libaudiosdk.dylib.xcent (in target 'audiosdk' from project 'audiosdk')
    cd /Users/jarosz/projects/audiosdk/audiosdk
    
    Entitlements:
    
    {
    "com.apple.application-identifier" = "";
}
    
    builtin-productPackagingUtility -entitlements -format xml -o /Users/jarosz/Library/Developer/Xcode/DerivedData/audiosdk-blakgsnniufmvybdammttjnmenzu/Build/Intermediates.noindex/audiosdk.build/Debug/audiosdk.build/libaudiosdk.dylib.xcent

WriteAuxiliaryFile /Users/jarosz/Library/Developer/Xcode/DerivedData/audiosdk-blakgsnniufmvybdammttjnmenzu/Build/Intermediates.noindex/audiosdk.build/Debug/audiosdk.build/Objects-normal/arm64/audiosdk-OutputFileMap.json (in target 'audiosdk' from project 'audiosdk')
    cd /Users/jarosz/projects/audiosdk/audiosdk
    write-file /Users/jarosz/Library/Developer/Xcode/DerivedData/audiosdk-blakgsnniufmvybdammttjnmenzu/Build/Intermediates.noindex/audiosdk.build/Debug/audiosdk.build/Objects-normal/arm64/audiosdk-OutputFileMap.json

WriteAuxiliaryFile /Users/jarosz/Library/Developer/Xcode/DerivedData/audiosdk-blakgsnniufmvybdammttjnmenzu/Build/Intermediates.noindex/audiosdk.build/Debug/audiosdk.build/Objects-normal/arm64/audiosdk.LinkFileList (in target 'audiosdk' from project 'audiosdk')
    cd /Users/jarosz/projects/audiosdk/audiosdk
    write-file /Users/jarosz/Library/Developer/Xcode/DerivedData/audiosdk-blakgsnniufmvybdammttjnmenzu/Build/Intermediates.noindex/audiosdk.build/Debug/audiosdk.build/Objects-normal/arm64/audiosdk.LinkFileList

WriteAuxiliaryFile /Users/jarosz/Library/Developer/Xcode/DerivedData/audiosdk-blakgsnniufmvybdammttjnmenzu/Build/Intermediates.noindex/audiosdk.build/Debug/audiosdk.build/Objects-normal/arm64/audiosdk.SwiftFileList (in target 'audiosdk' from project 'audiosdk')
    cd /Users/jarosz/projects/audiosdk/audiosdk
    write-file /Users/jarosz/Library/Developer/Xcode/DerivedData/audiosdk-blakgsnniufmvybdammttjnmenzu/Build/Intermediates.noindex/audiosdk.build/Debug/audiosdk.build/Objects-normal/arm64/audiosdk.SwiftFileList

ProcessProductPackagingDER /Users/jarosz/Library/Developer/Xcode/DerivedData/audiosdk-blakgsnniufmvybdammttjnmenzu/Build/Intermediates.noindex/audiosdk.build/Debug/audiosdk.build/libaudiosdk.dylib.xcent /Users/jarosz/Library/Developer/Xcode/DerivedData/audiosdk-blakgsnniufmvybdammttjnmenzu/Build/Intermediates.noindex/audiosdk.build/Debug/audiosdk.build/libaudiosdk.dylib.xcent.der (in target 'audiosdk' from project 'audiosdk')
    cd /Users/jarosz/projects/audiosdk/audiosdk
    /usr/bin/derq query -f xml -i /Users/jarosz/Library/Developer/Xcode/DerivedData/audiosdk-blakgsnniufmvybdammttjnmenzu/Build/Intermediates.noindex/audiosdk.build/Debug/audiosdk.build/libaudiosdk.dylib.xcent -o /Users/jarosz/Library/Developer/Xcode/DerivedData/audiosdk-blakgsnniufmvybdammttjnmenzu/Build/Intermediates.noindex/audiosdk.build/Debug/audiosdk.build/libaudiosdk.dylib.xcent.der --raw

SwiftDriver audiosdk normal arm64 com.apple.xcode.tools.swift.compiler (in target 'audiosdk' from project 'audiosdk')
    cd /Users/jarosz/projects/audiosdk/audiosdk
    builtin-SwiftDriver -- /Applications/Xcode.app/Contents/Developer/Toolchains/XcodeDefault.xctoolchain/usr/bin/swiftc -module-name audiosdk -O -enforce-exclusivity\=checked @/Users/jarosz/Library/Developer/Xcode/DerivedData/audiosdk-blakgsnniufmvybdammttjnmenzu/Build/Intermediates.noindex/audiosdk.build/Debug/audiosdk.build/Objects-normal/arm64/audiosdk.SwiftFileList -enable-experimental-feature DebugDescriptionMacro -sdk /Applications/Xcode.app/Contents/Developer/Platforms/MacOSX.platform/Developer/SDKs/MacOSX15.5.sdk -target arm64-apple-macos15.0 -g -module-cache-path /Users/jarosz/Library/Developer/Xcode/DerivedData/ModuleCache.noindex -Xfrontend -serialize-debugging-options -enable-testing -swift-version 6 -I /Users/jarosz/Library/Developer/Xcode/DerivedData/audiosdk-blakgsnniufmvybdammttjnmenzu/Build/Products/Debug -F /Users/jarosz/Library/Developer/Xcode/DerivedData/audiosdk-blakgsnniufmvybdammttjnmenzu/Build/Products/Debug -c -j24 -enable-batch-mode -incremental -Xcc -ivfsstatcache -Xcc /Users/jarosz/Library/Developer/Xcode/DerivedData/SDKStatCaches.noindex/macosx15.5-24F74-8254517eb8b97d462ccbc072ba9094c9.sdkstatcache -output-file-map /Users/jarosz/Library/Developer/Xcode/DerivedData/audiosdk-blakgsnniufmvybdammttjnmenzu/Build/Intermediates.noindex/audiosdk.build/Debug/audiosdk.build/Objects-normal/arm64/audiosdk-OutputFileMap.json -use-frontend-parseable-output -save-temps -no-color-diagnostics -serialize-diagnostics -emit-dependencies -emit-module -emit-module-path /Users/jarosz/Library/Developer/Xcode/DerivedData/audiosdk-blakgsnniufmvybdammttjnmenzu/Build/Intermediates.noindex/audiosdk.build/Debug/audiosdk.build/Objects-normal/arm64/audiosdk.swiftmodule -validate-clang-modules-once -clang-build-session-file /Users/jarosz/Library/Developer/Xcode/DerivedData/ModuleCache.noindex/Session.modulevalidation -Xcc -I/Users/jarosz/Library/Developer/Xcode/DerivedData/audiosdk-blakgsnniufmvybdammttjnmenzu/Build/Intermediates.noindex/audiosdk.build/Debug/audiosdk.build/swift-overrides.hmap -emit-const-values -Xfrontend -const-gather-protocols-file -Xfrontend /Users/jarosz/Library/Developer/Xcode/DerivedData/audiosdk-blakgsnniufmvybdammttjnmenzu/Build/Intermediates.noindex/audiosdk.build/Debug/audiosdk.build/Objects-normal/arm64/audiosdk_const_extract_protocols.json -Xcc -iquote -Xcc /Users/jarosz/Library/Developer/Xcode/DerivedData/audiosdk-blakgsnniufmvybdammttjnmenzu/Build/Intermediates.noindex/audiosdk.build/Debug/audiosdk.build/audiosdk-generated-files.hmap -Xcc -I/Users/jarosz/Library/Developer/Xcode/DerivedData/audiosdk-blakgsnniufmvybdammttjnmenzu/Build/Intermediates.noindex/audiosdk.build/Debug/audiosdk.build/audiosdk-own-target-headers.hmap -Xcc -I/Users/jarosz/Library/Developer/Xcode/DerivedData/audiosdk-blakgsnniufmvybdammttjnmenzu/Build/Intermediates.noindex/audiosdk.build/Debug/audiosdk.build/audiosdk-all-target-headers.hmap -Xcc -iquote -Xcc /Users/jarosz/Library/Developer/Xcode/DerivedData/audiosdk-blakgsnniufmvybdammttjnmenzu/Build/Intermediates.noindex/audiosdk.build/Debug/audiosdk.build/audiosdk-project-headers.hmap -Xcc -I/Users/jarosz/Library/Developer/Xcode/DerivedData/audiosdk-blakgsnniufmvybdammttjnmenzu/Build/Products/Debug/include -Xcc -I/Users/jarosz/Library/Developer/Xcode/DerivedData/audiosdk-blakgsnniufmvybdammttjnmenzu/Build/Intermediates.noindex/audiosdk.build/Debug/audiosdk.build/DerivedSources-normal/arm64 -Xcc -I/Users/jarosz/Library/Developer/Xcode/DerivedData/audiosdk-blakgsnniufmvybdammttjnmenzu/Build/Intermediates.noindex/audiosdk.build/Debug/audiosdk.build/DerivedSources/arm64 -Xcc -I/Users/jarosz/Library/Developer/Xcode/DerivedData/audiosdk-blakgsnniufmvybdammttjnmenzu/Build/Intermediates.noindex/audiosdk.build/Debug/audiosdk.build/DerivedSources -Xcc -DDEBUG\=1 -emit-objc-header -emit-objc-header-path /Users/jarosz/Library/Developer/Xcode/DerivedData/audiosdk-blakgsnniufmvybdammttjnmenzu/Build/Intermediates.noindex/audiosdk.build/Debug/audiosdk.build/Objects-normal/arm64/audiosdk-Swift.h -working-directory /Users/jarosz/projects/audiosdk/audiosdk -experimental-emit-module-separately -disable-cmo

SwiftCompile normal arm64 Compiling\ AudioMetrics.swift /Users/jarosz/projects/audiosdk/audiosdk/audiosdk/Recording/AudioMetrics.swift (in target 'audiosdk' from project 'audiosdk')

SwiftCompile normal arm64 /Users/jarosz/projects/audiosdk/audiosdk/audiosdk/Recording/AudioMetrics.swift (in target 'audiosdk' from project 'audiosdk')
    cd /Users/jarosz/projects/audiosdk/audiosdk
    

SwiftCompile normal arm64 Compiling\ OrphanedResourceCleaner.swift /Users/jarosz/projects/audiosdk/audiosdk/audiosdk/Management/OrphanedResourceCleaner.swift (in target 'audiosdk' from project 'audiosdk')

SwiftCompile normal arm64 /Users/jarosz/projects/audiosdk/audiosdk/audiosdk/Management/OrphanedResourceCleaner.swift (in target 'audiosdk' from project 'audiosdk')
    cd /Users/jarosz/projects/audiosdk/audiosdk
    

SwiftCompile normal arm64 Compiling\ ProcessDiscovery.swift /Users/jarosz/projects/audiosdk/audiosdk/audiosdk/Discovery/ProcessDiscovery.swift (in target 'audiosdk' from project 'audiosdk')

SwiftCompile normal arm64 /Users/jarosz/projects/audiosdk/audiosdk/audiosdk/Discovery/ProcessDiscovery.swift (in target 'audiosdk' from project 'audiosdk')
    cd /Users/jarosz/projects/audiosdk/audiosdk
    

SwiftCompile normal arm64 Compiling\ AudioRecorder.swift /Users/jarosz/projects/audiosdk/audiosdk/audiosdk/AudioRecorder.swift (in target 'audiosdk' from project 'audiosdk')

SwiftCompile normal arm64 /Users/jarosz/projects/audiosdk/audiosdk/audiosdk/AudioRecorder.swift (in target 'audiosdk' from project 'audiosdk')
    cd /Users/jarosz/projects/audiosdk/audiosdk
    

SwiftEmitModule normal arm64 Emitting\ module\ for\ audiosdk (in target 'audiosdk' from project 'audiosdk')
Failed frontend command:
/Applications/Xcode.app/Contents/Developer/Toolchains/XcodeDefault.xctoolchain/usr/bin/swift-frontend -frontend -emit-module -experimental-skip-non-inlinable-function-bodies-without-types /Users/jarosz/projects/audiosdk/audiosdk/audiosdk/Utils/CoreAudioExtensions.swift /Users/jarosz/projects/audiosdk/audiosdk/audiosdk/Core/AudioDeviceInfo.swift /Users/jarosz/projects/audiosdk/audiosdk/audiosdk/Recording/AudioFileWriter.swift /Users/jarosz/projects/audiosdk/audiosdk/audiosdk/AudioRecorder.swift /Users/jarosz/projects/audiosdk/audiosdk/audiosdk/Discovery/DeviceDiscovery.swift /Users/jarosz/projects/audiosdk/audiosdk/audiosdk/Recording/AudioMetrics.swift /Users/jarosz/projects/audiosdk/audiosdk/audiosdk/Recording/ProcessTap.swift /Users/jarosz/projects/audiosdk/audiosdk/audiosdk/Management/OrphanedResourceCleaner.swift /Users/jarosz/projects/audiosdk/audiosdk/audiosdk/Core/Errors.swift /Users/jarosz/projects/audiosdk/audiosdk/audiosdk/Discovery/ProcessDiscovery.swift -target arm64-apple-macos15.0 -Xllvm -aarch64-use-tbi -enable-objc-interop -stack-check -sdk /Applications/Xcode.app/Contents/Developer/Platforms/MacOSX.platform/Developer/SDKs/MacOSX15.5.sdk -I /Users/jarosz/Library/Developer/Xcode/DerivedData/audiosdk-blakgsnniufmvybdammttjnmenzu/Build/Products/Debug -F /Users/jarosz/Library/Developer/Xcode/DerivedData/audiosdk-blakgsnniufmvybdammttjnmenzu/Build/Products/Debug -no-color-diagnostics -enable-testing -g -debug-info-format\=dwarf -dwarf-version\=5 -module-cache-path /Users/jarosz/Library/Developer/Xcode/DerivedData/ModuleCache.noindex -swift-version 6 -enforce-exclusivity\=checked -O -serialize-debugging-options -const-gather-protocols-file /Users/jarosz/Library/Developer/Xcode/DerivedData/audiosdk-blakgsnniufmvybdammttjnmenzu/Build/Intermediates.noindex/audiosdk.build/Debug/audiosdk.build/Objects-normal/arm64/audiosdk_const_extract_protocols.json -enable-experimental-feature DebugDescriptionMacro -empty-abi-descriptor -validate-clang-modules-once -clang-build-session-file /Users/jarosz/Library/Developer/Xcode/DerivedData/ModuleCache.noindex/Session.modulevalidation -Xcc -working-directory -Xcc /Users/jarosz/projects/audiosdk/audiosdk -resource-dir /Applications/Xcode.app/Contents/Developer/Toolchains/XcodeDefault.xctoolchain/usr/lib/swift -file-compilation-dir /Users/jarosz/projects/audiosdk/audiosdk -Xcc -ivfsstatcache -Xcc /Users/jarosz/Library/Developer/Xcode/DerivedData/SDKStatCaches.noindex/macosx15.5-24F74-8254517eb8b97d462ccbc072ba9094c9.sdkstatcache -Xcc -I/Users/jarosz/Library/Developer/Xcode/DerivedData/audiosdk-blakgsnniufmvybdammttjnmenzu/Build/Intermediates.noindex/audiosdk.build/Debug/audiosdk.build/swift-overrides.hmap -Xcc -iquote -Xcc /Users/jarosz/Library/Developer/Xcode/DerivedData/audiosdk-blakgsnniufmvybdammttjnmenzu/Build/Intermediates.noindex/audiosdk.build/Debug/audiosdk.build/audiosdk-generated-files.hmap -Xcc -I/Users/jarosz/Library/Developer/Xcode/DerivedData/audiosdk-blakgsnniufmvybdammttjnmenzu/Build/Intermediates.noindex/audiosdk.build/Debug/audiosdk.build/audiosdk-own-target-headers.hmap -Xcc -I/Users/jarosz/Library/Developer/Xcode/DerivedData/audiosdk-blakgsnniufmvybdammttjnmenzu/Build/Intermediates.noindex/audiosdk.build/Debug/audiosdk.build/audiosdk-all-target-headers.hmap -Xcc -iquote -Xcc /Users/jarosz/Library/Developer/Xcode/DerivedData/audiosdk-blakgsnniufmvybdammttjnmenzu/Build/Intermediates.noindex/audiosdk.build/Debug/audiosdk.build/audiosdk-project-headers.hmap -Xcc -I/Users/jarosz/Library/Developer/Xcode/DerivedData/audiosdk-blakgsnniufmvybdammttjnmenzu/Build/Products/Debug/include -Xcc -I/Users/jarosz/Library/Developer/Xcode/DerivedData/audiosdk-blakgsnniufmvybdammttjnmenzu/Build/Intermediates.noindex/audiosdk.build/Debug/audiosdk.build/DerivedSources-normal/arm64 -Xcc -I/Users/jarosz/Library/Developer/Xcode/DerivedData/audiosdk-blakgsnniufmvybdammttjnmenzu/Build/Intermediates.noindex/audiosdk.build/Debug/audiosdk.build/DerivedSources/arm64 -Xcc -I/Users/jarosz/Library/Developer/Xcode/DerivedData/audiosdk-blakgsnniufmvybdammttjnmenzu/Build/Intermediates.noindex/audiosdk.build/Debug/audiosdk.build/DerivedSources -Xcc -DDEBUG\=1 -module-name audiosdk -frontend-parseable-output -disable-clang-spi -target-sdk-version 15.5 -target-sdk-name macosx15.5 -external-plugin-path /Applications/Xcode.app/Contents/Developer/Platforms/MacOSX.platform/Developer/usr/lib/swift/host/plugins\#/Applications/Xcode.app/Contents/Developer/Platforms/MacOSX.platform/Developer/usr/bin/swift-plugin-server -external-plugin-path /Applications/Xcode.app/Contents/Developer/Platforms/MacOSX.platform/Developer/usr/local/lib/swift/host/plugins\#/Applications/Xcode.app/Contents/Developer/Platforms/MacOSX.platform/Developer/usr/bin/swift-plugin-server -in-process-plugin-server-path /Applications/Xcode.app/Contents/Developer/Toolchains/XcodeDefault.xctoolchain/usr/lib/swift/host/libSwiftInProcPluginServer.dylib -plugin-path /Applications/Xcode.app/Contents/Developer/Toolchains/XcodeDefault.xctoolchain/usr/lib/swift/host/plugins -plugin-path /Applications/Xcode.app/Contents/Developer/Toolchains/XcodeDefault.xctoolchain/usr/local/lib/swift/host/plugins -emit-module-doc-path /Users/jarosz/Library/Developer/Xcode/DerivedData/audiosdk-blakgsnniufmvybdammttjnmenzu/Build/Intermediates.noindex/audiosdk.build/Debug/audiosdk.build/Objects-normal/arm64/audiosdk.swiftdoc -emit-module-source-info-path /Users/jarosz/Library/Developer/Xcode/DerivedData/audiosdk-blakgsnniufmvybdammttjnmenzu/Build/Intermediates.noindex/audiosdk.build/Debug/audiosdk.build/Objects-normal/arm64/audiosdk.swiftsourceinfo -emit-objc-header-path /Users/jarosz/Library/Developer/Xcode/DerivedData/audiosdk-blakgsnniufmvybdammttjnmenzu/Build/Intermediates.noindex/audiosdk.build/Debug/audiosdk.build/Objects-normal/arm64/audiosdk-Swift.h -serialize-diagnostics-path /Users/jarosz/Library/Developer/Xcode/DerivedData/audiosdk-blakgsnniufmvybdammttjnmenzu/Build/Intermediates.noindex/audiosdk.build/Debug/audiosdk.build/Objects-normal/arm64/audiosdk-master-emit-module.dia -emit-dependencies-path /Users/jarosz/Library/Developer/Xcode/DerivedData/audiosdk-blakgsnniufmvybdammttjnmenzu/Build/Intermediates.noindex/audiosdk.build/Debug/audiosdk.build/Objects-normal/arm64/audiosdk-master-emit-module.d -o /Users/jarosz/Library/Developer/Xcode/DerivedData/audiosdk-blakgsnniufmvybdammttjnmenzu/Build/Intermediates.noindex/audiosdk.build/Debug/audiosdk.build/Objects-normal/arm64/audiosdk.swiftmodule -emit-abi-descriptor-path /Users/jarosz/Library/Developer/Xcode/DerivedData/audiosdk-blakgsnniufmvybdammttjnmenzu/Build/Intermediates.noindex/audiosdk.build/Debug/audiosdk.build/Objects-normal/arm64/audiosdk.abi.json

EmitSwiftModule normal arm64 (in target 'audiosdk' from project 'audiosdk')
    cd /Users/jarosz/projects/audiosdk/audiosdk
    
/Users/jarosz/projects/audiosdk/audiosdk/audiosdk/AudioRecorder.swift:19:22: error: 'ProcessTap' is ambiguous for type lookup in this context
    private var tap: ProcessTap?
                     ^~~~~~~~~~
/Users/jarosz/projects/audiosdk/audiosdk/audiosdk/AudioRecorder.swift:291:25: note: found this candidate
fileprivate final class ProcessTap {
                        ^
/Users/jarosz/projects/audiosdk/audiosdk/audiosdk/Recording/ProcessTap.swift:13:13: note: found this candidate
final class ProcessTap {
            ^
/Users/jarosz/projects/audiosdk/audiosdk/audiosdk/AudioRecorder.swift:291:25: error: invalid redeclaration of 'ProcessTap'
fileprivate final class ProcessTap {
                        ^
/Users/jarosz/projects/audiosdk/audiosdk/audiosdk/Recording/ProcessTap.swift:13:13: note: 'ProcessTap' previously declared here
final class ProcessTap {
            ^
/Users/jarosz/projects/audiosdk/audiosdk/audiosdk/Recording/ProcessTap.swift:13:13: note: 'ProcessTap' previously declared here
final class ProcessTap {
            ^

SwiftCompile normal arm64 Compiling\ AudioFileWriter.swift /Users/jarosz/projects/audiosdk/audiosdk/audiosdk/Recording/AudioFileWriter.swift (in target 'audiosdk' from project 'audiosdk')

SwiftCompile normal arm64 /Users/jarosz/projects/audiosdk/audiosdk/audiosdk/Recording/AudioFileWriter.swift (in target 'audiosdk' from project 'audiosdk')
    cd /Users/jarosz/projects/audiosdk/audiosdk
    

SwiftCompile normal arm64 Compiling\ ProcessTap.swift /Users/jarosz/projects/audiosdk/audiosdk/audiosdk/Recording/ProcessTap.swift (in target 'audiosdk' from project 'audiosdk')

SwiftCompile normal arm64 /Users/jarosz/projects/audiosdk/audiosdk/audiosdk/Recording/ProcessTap.swift (in target 'audiosdk' from project 'audiosdk')
    cd /Users/jarosz/projects/audiosdk/audiosdk
    

note: Disabling previews because SWIFT_VERSION is set and SWIFT_OPTIMIZATION_LEVEL=-O, expected -Onone (in target 'audiosdk' from project 'audiosdk')
